[ 50%] Built target map_loader_node
[35m[1mConsolidate compiler generated dependencies of target unit_manager_node[0m
[ 75%] [32mBuilding CXX object CMakeFiles/unit_manager_node.dir/src/core/unit_manager_node.cpp.o[0m
[01m[K/home/fvc/Desktop/robot_emblem/src/robot_emblem/src/core/unit_manager_node.cpp:[m[K In member function â€˜[01m[Kvoid UnitManagerNode::publishMoveArea()[m[Kâ€™:
[01m[K/home/fvc/Desktop/robot_emblem/src/robot_emblem/src/core/unit_manager_node.cpp:147:43:[m[K [01;31m[Kerror: [m[Kredefinition of â€˜[01m[Kint id[m[Kâ€™
  147 |         auto makeMarker = [&](int id, [01;31m[Kint id[m[K, const std::string& ns,
      |                                       [01;31m[K~~~~^~[m[K
[01m[K/home/fvc/Desktop/robot_emblem/src/robot_emblem/src/core/unit_manager_node.cpp:147:35:[m[K [01;36m[Knote: [m[Kâ€˜[01m[Kint id[m[Kâ€™ previously declared here
  147 |         auto makeMarker = [&]([01;36m[Kint id[m[K, int id, const std::string& ns,
      |                               [01;36m[K~~~~^~[m[K
gmake[2]: *** [CMakeFiles/unit_manager_node.dir/build.make:76: CMakeFiles/unit_manager_node.dir/src/core/unit_manager_node.cpp.o] Error 1
gmake[1]: *** [CMakeFiles/Makefile2:165: CMakeFiles/unit_manager_node.dir/all] Error 2
gmake: *** [Makefile:146: all] Error 2
