[0.034s] Invoking command in '/home/fvc/emblem_ws/build/robot_emblem': CMAKE_PREFIX_PATH=/opt/ros/humble /usr/bin/cmake --build /home/fvc/emblem_ws/build/robot_emblem -- -j2 -l2
[0.165s] [35m[1mConsolidate compiler generated dependencies of target map_node[0m
[0.221s] [ 50%] [32mBuilding CXX object CMakeFiles/map_node.dir/src/core/map.cpp.o[0m
[6.221s] In file included from [01m[K/opt/ros/humble/include/rclcpp/rclcpp/client.hpp:40[m[K,
[6.221s]                  from [01m[K/opt/ros/humble/include/rclcpp/rclcpp/callback_group.hpp:24[m[K,
[6.221s]                  from [01m[K/opt/ros/humble/include/rclcpp/rclcpp/any_executable.hpp:20[m[K,
[6.222s]                  from [01m[K/opt/ros/humble/include/rclcpp/rclcpp/memory_strategy.hpp:25[m[K,
[6.222s]                  from [01m[K/opt/ros/humble/include/rclcpp/rclcpp/memory_strategies.hpp:18[m[K,
[6.222s]                  from [01m[K/opt/ros/humble/include/rclcpp/rclcpp/executor_options.hpp:20[m[K,
[6.222s]                  from [01m[K/opt/ros/humble/include/rclcpp/rclcpp/executor.hpp:37[m[K,
[6.222s]                  from [01m[K/opt/ros/humble/include/rclcpp/rclcpp/executors/multi_threaded_executor.hpp:25[m[K,
[6.222s]                  from [01m[K/opt/ros/humble/include/rclcpp/rclcpp/executors.hpp:21[m[K,
[6.222s]                  from [01m[K/opt/ros/humble/include/rclcpp/rclcpp/rclcpp.hpp:155[m[K,
[6.222s]                  from [01m[K/home/fvc/emblem_ws/src/robot_emblem/src/core/map.cpp:3[m[K:
[6.222s] [01m[K/home/fvc/emblem_ws/src/robot_emblem/src/core/map.cpp:[m[K In function â€˜[01m[Kint re::main()[m[Kâ€™:
[6.222s] [01m[K/home/fvc/emblem_ws/src/robot_emblem/src/core/map.cpp:40:5:[m[K [01;31m[Kerror: [m[Kstatic assertion failed: First argument to logging macros must be an rclcpp::Logger
[6.222s]    40 |     [01;31m[KRCLCPP_ERROR[m[K( "Something went wrong!");
[6.222s]       |     [01;31m[K^~~~~~~~~~~~[m[K
[6.227s] In file included from [01m[K/opt/ros/humble/include/rclcpp/rclcpp/logging.hpp:24[m[K,
[6.227s]                  from [01m[K/opt/ros/humble/include/rclcpp/rclcpp/client.hpp:40[m[K,
[6.227s]                  from [01m[K/opt/ros/humble/include/rclcpp/rclcpp/callback_group.hpp:24[m[K,
[6.227s]                  from [01m[K/opt/ros/humble/include/rclcpp/rclcpp/any_executable.hpp:20[m[K,
[6.227s]                  from [01m[K/opt/ros/humble/include/rclcpp/rclcpp/memory_strategy.hpp:25[m[K,
[6.227s]                  from [01m[K/opt/ros/humble/include/rclcpp/rclcpp/memory_strategies.hpp:18[m[K,
[6.228s]                  from [01m[K/opt/ros/humble/include/rclcpp/rclcpp/executor_options.hpp:20[m[K,
[6.228s]                  from [01m[K/opt/ros/humble/include/rclcpp/rclcpp/executor.hpp:37[m[K,
[6.228s]                  from [01m[K/opt/ros/humble/include/rclcpp/rclcpp/executors/multi_threaded_executor.hpp:25[m[K,
[6.228s]                  from [01m[K/opt/ros/humble/include/rclcpp/rclcpp/executors.hpp:21[m[K,
[6.228s]                  from [01m[K/opt/ros/humble/include/rclcpp/rclcpp/rclcpp.hpp:155[m[K,
[6.228s]                  from [01m[K/home/fvc/emblem_ws/src/robot_emblem/src/core/map.cpp:3[m[K:
[6.228s] [01m[K/home/fvc/emblem_ws/src/robot_emblem/src/core/map.cpp:40:5:[m[K [01;31m[Kerror: [m[Krequest for member â€˜[01m[Kget_name[m[Kâ€™ in â€˜[01m[K("Something went wrong!")[m[Kâ€™, which is of non-class type â€˜[01m[Kconst char [22][m[Kâ€™
[6.228s]    40 |     [01;31m[KRCLCPP_ERROR[m[K( "Something went wrong!");
[6.228s]       |     [01;31m[K^~~~~~~~~~~~[m[K
[6.229s] [01m[K/home/fvc/emblem_ws/src/robot_emblem/src/core/map.cpp:40:5:[m[K [01;31m[Kerror: [m[Krequest for member â€˜[01m[Kget_name[m[Kâ€™ in â€˜[01m[K("Something went wrong!")[m[Kâ€™, which is of non-class type â€˜[01m[Kconst char [22][m[Kâ€™
[6.229s]    40 |     [01;31m[KRCLCPP_ERROR[m[K( "Something went wrong!");
[6.229s]       |     [01;31m[K^~~~~~~~~~~~[m[K
[6.229s] [01m[K/home/fvc/emblem_ws/src/robot_emblem/src/core/map.cpp:40:5:[m[K [01;31m[Kerror: [m[Kexpected primary-expression before â€˜[01m[K)[m[Kâ€™ token
[6.229s]    40 |     [01;31m[KRCLCPP_ERROR[m[K( "Something went wrong!");
[6.229s]       |     [01;31m[K^~~~~~~~~~~~[m[K
[7.139s] gmake[2]: *** [CMakeFiles/map_node.dir/build.make:76: CMakeFiles/map_node.dir/src/core/map.cpp.o] Error 1
[7.141s] gmake[1]: *** [CMakeFiles/Makefile2:137: CMakeFiles/map_node.dir/all] Error 2
[7.141s] gmake: *** [Makefile:146: all] Error 2
[7.149s] Invoked command in '/home/fvc/emblem_ws/build/robot_emblem' returned '2': CMAKE_PREFIX_PATH=/opt/ros/humble /usr/bin/cmake --build /home/fvc/emblem_ws/build/robot_emblem -- -j2 -l2
