[01m[K/home/fvc/Desktop/robot_emblem/src/robot_emblem/src/core/unit_manager_node.cpp:[m[K In constructor â€˜[01m[KUnitManagerNode::UnitManagerNode()[m[Kâ€™:
[01m[K/home/fvc/Desktop/robot_emblem/src/robot_emblem/src/core/unit_manager_node.cpp:47:78:[m[K [01;31m[Kerror: [m[Kâ€˜[01m[KMarkerArray[m[Kâ€™ is not a member of â€˜[01m[Kvisualization_msgs::msg[m[Kâ€™
   47 |             move_area_pub_ = this->create_publisher<visualization_msgs::msg::[01;31m[KMarkerArray[m[K>("/Reachable",1);
      |                                                                              [01;31m[K^~~~~~~~~~~[m[K
[01m[K/home/fvc/Desktop/robot_emblem/src/robot_emblem/src/core/unit_manager_node.cpp:47:90:[m[K [01;31m[Kerror: [m[Kno matching function for call to â€˜[01m[KUnitManagerNode::create_publisher<<expression error> >(const char [11], int)[m[Kâ€™
   47 |             move_area_pub_ = [01;31m[Kthis->create_publisher<visualization_msgs::msg::MarkerArray>("/Reachable",1)[m[K;
      |                              [01;31m[K~~~~~~~~~~~~~~~~~~~~~~~~~~~~~~~~~~~~~~~~~~~~~~~~~~~~~~~~~~~~^~~~~~~~~~~~~~~~[m[K
In file included from [01m[K/opt/ros/humble/include/rclcpp/rclcpp/node.hpp:1321[m[K,
                 from [01m[K/opt/ros/humble/include/rclcpp/rclcpp/executors/single_threaded_executor.hpp:28[m[K,
                 from [01m[K/opt/ros/humble/include/rclcpp/rclcpp/executors.hpp:22[m[K,
                 from [01m[K/opt/ros/humble/include/rclcpp/rclcpp/rclcpp.hpp:155[m[K,
                 from [01m[K/home/fvc/Desktop/robot_emblem/src/robot_emblem/src/core/unit_manager_node.cpp:1[m[K:
[01m[K/opt/ros/humble/include/rclcpp/rclcpp/node_impl.hpp:73:1:[m[K [01;36m[Knote: [m[Kcandidate: â€˜[01m[Ktemplate<class MessageT, class AllocatorT, class PublisherT> std::shared_ptr<PublisherT> rclcpp::Node::create_publisher(const string&, const rclcpp::QoS&, const rclcpp::PublisherOptionsWithAllocator<AllocatorT>&)[m[Kâ€™
   73 | [01;36m[KNode[m[K::create_publisher(
      | [01;36m[K^~~~[m[K
[01m[K/opt/ros/humble/include/rclcpp/rclcpp/node_impl.hpp:73:1:[m[K [01;36m[Knote: [m[K  template argument deduction/substitution failed:
[01m[K/home/fvc/Desktop/robot_emblem/src/robot_emblem/src/core/unit_manager_node.cpp:47:90:[m[K [01;31m[Kerror: [m[Ktemplate argument 1 is invalid
   47 |             move_area_pub_ = [01;31m[Kthis->create_publisher<visualization_msgs::msg::MarkerArray>("/Reachable",1)[m[K;
      |                              [01;31m[K~~~~~~~~~~~~~~~~~~~~~~~~~~~~~~~~~~~~~~~~~~~~~~~~~~~~~~~~~~~~^~~~~~~~~~~~~~~~[m[K
[01m[K/home/fvc/Desktop/robot_emblem/src/robot_emblem/src/core/unit_manager_node.cpp:[m[K In member function â€˜[01m[Kvoid UnitManagerNode::publishMoveArea()[m[Kâ€™:
[01m[K/home/fvc/Desktop/robot_emblem/src/robot_emblem/src/core/unit_manager_node.cpp:146:43:[m[K [01;31m[Kerror: [m[Kredefinition of â€˜[01m[Kint id[m[Kâ€™
  146 |         auto makeMarker = [&](int id, [01;31m[Kint id[m[K, const std::string& ns,
      |                                       [01;31m[K~~~~^~[m[K
[01m[K/home/fvc/Desktop/robot_emblem/src/robot_emblem/src/core/unit_manager_node.cpp:146:35:[m[K [01;36m[Knote: [m[Kâ€˜[01m[Kint id[m[Kâ€™ previously declared here
  146 |         auto makeMarker = [&]([01;36m[Kint id[m[K, int id, const std::string& ns,
      |                               [01;36m[K~~~~^~[m[K
[01m[K/home/fvc/Desktop/robot_emblem/src/robot_emblem/src/core/unit_manager_node.cpp:194:38:[m[K [01;31m[Kerror: [m[Kâ€˜[01m[KMarkerArray[m[Kâ€™ is not a member of â€˜[01m[Kvisualization_msgs::msg[m[Kâ€™
  194 |             visualization_msgs::msg::[01;31m[KMarkerArray[m[K arr;
      |                                      [01;31m[K^~~~~~~~~~~[m[K
[01m[K/home/fvc/Desktop/robot_emblem/src/robot_emblem/src/core/unit_manager_node.cpp:195:13:[m[K [01;31m[Kerror: [m[Kâ€˜[01m[Karr[m[Kâ€™ was not declared in this scope
  195 |             [01;31m[Karr[m[K.markers.push_back(reach);
      |             [01;31m[K^~~[m[K
gmake[2]: *** [CMakeFiles/unit_manager_node.dir/build.make:76: CMakeFiles/unit_manager_node.dir/src/core/unit_manager_node.cpp.o] Error 1
gmake[1]: *** [CMakeFiles/Makefile2:165: CMakeFiles/unit_manager_node.dir/all] Error 2
gmake: *** [Makefile:146: all] Error 2
