[0.025s] Invoking command in '/home/fvc/emblem_ws/build/robot_emblem': CMAKE_PREFIX_PATH=/opt/ros/humble /usr/bin/cmake --build /home/fvc/emblem_ws/build/robot_emblem -- -j2 -l2
[0.131s] [35m[1mConsolidate compiler generated dependencies of target map_loader_node[0m
[0.175s] [ 50%] [32mBuilding CXX object CMakeFiles/map_loader_node.dir/src/core/map_loader_node.cpp.o[0m
[4.451s] [01m[K/home/fvc/emblem_ws/src/robot_emblem/src/core/map_loader_node.cpp:[m[K In member function â€˜[01m[KMap MaploaderNode::loadMapFromYaml(const string&)[m[Kâ€™:
[4.452s] [01m[K/home/fvc/emblem_ws/src/robot_emblem/src/core/map_loader_node.cpp:32:37:[m[K [01;31m[Kerror: [m[Kâ€˜[01m[Kclass MaploaderNode[m[Kâ€™ has no member named â€˜[01m[Kyaml_path[m[Kâ€™
[4.452s]    32 |             std::ifstream fin(this->[01;31m[Kyaml_path[m[K);
[4.452s]       |                                     [01;31m[K^~~~~~~~~[m[K
[4.454s] [01m[K/home/fvc/emblem_ws/src/robot_emblem/src/core/map_loader_node.cpp:30:48:[m[K [01;35m[Kwarning: [m[Kunused parameter â€˜[01m[Kyaml_path[m[Kâ€™ [[01;35m[K]8;;https://gcc.gnu.org/onlinedocs/gcc/Warning-Options.html#index-Wunused-parameter-Wunused-parameter]8;;[m[K]
[4.454s]    30 |         Map loadMapFromYaml([01;35m[Kconst std::string& yaml_path[m[K){
[4.454s]       |                             [01;35m[K~~~~~~~~~~~~~~~~~~~^~~~~~~~~[m[K
[6.222s] gmake[2]: *** [CMakeFiles/map_loader_node.dir/build.make:76: CMakeFiles/map_loader_node.dir/src/core/map_loader_node.cpp.o] Error 1
[6.222s] gmake[1]: *** [CMakeFiles/Makefile2:137: CMakeFiles/map_loader_node.dir/all] Error 2
[6.222s] gmake: *** [Makefile:146: all] Error 2
[6.230s] Invoked command in '/home/fvc/emblem_ws/build/robot_emblem' returned '2': CMAKE_PREFIX_PATH=/opt/ros/humble /usr/bin/cmake --build /home/fvc/emblem_ws/build/robot_emblem -- -j2 -l2
