[0.013s] Invoking command in '/home/fvc/emblem_ws/build/robot_emblem': CMAKE_PREFIX_PATH=/opt/ros/humble /usr/bin/cmake --build /home/fvc/emblem_ws/build/robot_emblem -- -j2 -l2
[0.111s] [35m[1mConsolidate compiler generated dependencies of target map_loader_node[0m
[0.176s] [ 50%] [32mBuilding CXX object CMakeFiles/map_loader_node.dir/src/core/map_loader_node.cpp.o[0m
[4.723s] [01m[K/home/fvc/emblem_ws/src/robot_emblem/src/core/map_loader_node.cpp:101:2:[m[K [01;31m[Kerror: [m[Kexpected â€˜[01m[K;[m[Kâ€™ after class definition
[4.723s]   101 | }
[4.723s]       |  [01;31m[K^[m[K
[4.723s]       |  [32m[K;[m[K
[4.729s] [01m[K/home/fvc/emblem_ws/src/robot_emblem/src/core/map_loader_node.cpp:[m[K In constructor â€˜[01m[KMaploaderNode::MaploaderNode()[m[Kâ€™:
[4.729s] [01m[K/home/fvc/emblem_ws/src/robot_emblem/src/core/map_loader_node.cpp:27:24:[m[K [01;31m[Kerror: [m[Kâ€˜[01m[KMapLoaderNode[m[Kâ€™ has not been declared
[4.729s]    27 |             std::bind(&[01;31m[KMapLoaderNode[m[K::publishMap, this, map)
[4.730s]       |                        [01;31m[K^~~~~~~~~~~~~[m[K
[4.731s] [01m[K/home/fvc/emblem_ws/src/robot_emblem/src/core/map_loader_node.cpp:[m[K In member function â€˜[01m[KMap MaploaderNode::loadMapFromYaml(const string&)[m[Kâ€™:
[4.732s] [01m[K/home/fvc/emblem_ws/src/robot_emblem/src/core/map_loader_node.cpp:33:37:[m[K [01;31m[Kerror: [m[Kâ€˜[01m[Kclass MaploaderNode[m[Kâ€™ has no member named â€˜[01m[Kyaml_path[m[Kâ€™
[4.732s]    33 |             std::ifstream fin(this->[01;31m[Kyaml_path[m[K);
[4.732s]       |                                     [01;31m[K^~~~~~~~~[m[K
[4.733s] [01m[K/home/fvc/emblem_ws/src/robot_emblem/src/core/map_loader_node.cpp:31:48:[m[K [01;35m[Kwarning: [m[Kunused parameter â€˜[01m[Kyaml_path[m[Kâ€™ [[01;35m[K]8;;https://gcc.gnu.org/onlinedocs/gcc/Warning-Options.html#index-Wunused-parameter-Wunused-parameter]8;;[m[K]
[4.733s]    31 |         Map loadMapFromYaml([01;35m[Kconst std::string& yaml_path[m[K){
[4.733s]       |                             [01;35m[K~~~~~~~~~~~~~~~~~~~^~~~~~~~~[m[K
[6.543s] gmake[2]: *** [CMakeFiles/map_loader_node.dir/build.make:76: CMakeFiles/map_loader_node.dir/src/core/map_loader_node.cpp.o] Error 1
[6.543s] gmake[1]: *** [CMakeFiles/Makefile2:137: CMakeFiles/map_loader_node.dir/all] Error 2
[6.548s] gmake: *** [Makefile:146: all] Error 2
[6.554s] Invoked command in '/home/fvc/emblem_ws/build/robot_emblem' returned '2': CMAKE_PREFIX_PATH=/opt/ros/humble /usr/bin/cmake --build /home/fvc/emblem_ws/build/robot_emblem -- -j2 -l2
