[35m[1mConsolidate compiler generated dependencies of target unit_manager_node[0m
[ 25%] [32mBuilding CXX object CMakeFiles/unit_manager_node.dir/src/core/unit_manager_node.cpp.o[0m
[ 75%] Built target map_loader_node
[01m[K/home/fvc/Desktop/robot_emblem/src/robot_emblem/src/core/unit_manager_node.cpp:[m[K In member function â€˜[01m[Kvoid UnitManagerNode::onClicked(geometry_msgs::msg::PointStamped_<std::allocator<void> >::SharedPtr)[m[Kâ€™:
[01m[K/home/fvc/Desktop/robot_emblem/src/robot_emblem/src/core/unit_manager_node.cpp:209:39:[m[K [01;31m[Kerror: [m[Kâ€˜[01m[Kdist_[m[Kâ€™ was not declared in this scope; did you mean â€˜[01m[Kdt_[m[Kâ€™?
  209 |              if (gy < 0 || gy >= (int)[01;31m[Kdist_[m[K.size() ||
      |                                       [01;31m[K^~~~~[m[K
      |                                       [32m[Kdt_[m[K
gmake[2]: *** [CMakeFiles/unit_manager_node.dir/build.make:76: CMakeFiles/unit_manager_node.dir/src/core/unit_manager_node.cpp.o] Error 1
gmake[1]: *** [CMakeFiles/Makefile2:165: CMakeFiles/unit_manager_node.dir/all] Error 2
gmake: *** [Makefile:146: all] Error 2
