[0.022s] Invoking command in '/home/fvc/Desktop/robot_emblem/build/robot_emblem': CMAKE_PREFIX_PATH=${CMAKE_PREFIX_PATH}:/opt/ros/humble /usr/bin/cmake --build /home/fvc/Desktop/robot_emblem/build/robot_emblem -- -j2 -l2
[0.165s] [35m[1mConsolidate compiler generated dependencies of target unit_manager_node[0m
[0.245s] [ 25%] [32mBuilding CXX object CMakeFiles/unit_manager_node.dir/src/core/unit_manager_node.cpp.o[0m
[0.270s] [ 75%] Built target map_loader_node
[2.902s] [01m[K/home/fvc/Desktop/robot_emblem/src/robot_emblem/src/core/unit_manager_node.cpp:[m[K In member function â€˜[01m[Kvoid UnitManagerNode::onClicked(geometry_msgs::msg::PointStamped_<std::allocator<void> >::SharedPtr)[m[Kâ€™:
[2.902s] [01m[K/home/fvc/Desktop/robot_emblem/src/robot_emblem/src/core/unit_manager_node.cpp:209:39:[m[K [01;31m[Kerror: [m[Kâ€˜[01m[Kdist_[m[Kâ€™ was not declared in this scope; did you mean â€˜[01m[Kdt_[m[Kâ€™?
[2.902s]   209 |              if (gy < 0 || gy >= (int)[01;31m[Kdist_[m[K.size() ||
[2.902s]       |                                       [01;31m[K^~~~~[m[K
[2.902s]       |                                       [32m[Kdt_[m[K
[5.756s] gmake[2]: *** [CMakeFiles/unit_manager_node.dir/build.make:76: CMakeFiles/unit_manager_node.dir/src/core/unit_manager_node.cpp.o] Error 1
[5.757s] gmake[1]: *** [CMakeFiles/Makefile2:165: CMakeFiles/unit_manager_node.dir/all] Error 2
[5.757s] gmake: *** [Makefile:146: all] Error 2
[5.760s] Invoked command in '/home/fvc/Desktop/robot_emblem/build/robot_emblem' returned '2': CMAKE_PREFIX_PATH=${CMAKE_PREFIX_PATH}:/opt/ros/humble /usr/bin/cmake --build /home/fvc/Desktop/robot_emblem/build/robot_emblem -- -j2 -l2
