-- Found ament_cmake: 1.3.12 (/opt/ros/humble/share/ament_cmake/cmake)
-- Override CMake install command with custom implementation using symlinks instead of copying resources
-- Found rclcpp: 16.0.14 (/opt/ros/humble/share/rclcpp/cmake)
-- Found rosidl_generator_c: 3.1.7 (/opt/ros/humble/share/rosidl_generator_c/cmake)
-- Found rosidl_adapter: 3.1.7 (/opt/ros/humble/share/rosidl_adapter/cmake)
-- Found rosidl_generator_cpp: 3.1.7 (/opt/ros/humble/share/rosidl_generator_cpp/cmake)
-- Using all available rosidl_typesupport_c: rosidl_typesupport_fastrtps_c;rosidl_typesupport_introspection_c
-- Using all available rosidl_typesupport_cpp: rosidl_typesupport_fastrtps_cpp;rosidl_typesupport_introspection_cpp
-- Found rmw_implementation_cmake: 6.1.2 (/opt/ros/humble/share/rmw_implementation_cmake/cmake)
-- Found rmw_fastrtps_cpp: 6.2.8 (/opt/ros/humble/share/rmw_fastrtps_cpp/cmake)
-- Using RMW implementation 'rmw_fastrtps_cpp' as default
-- Found visualization_msgs: 4.9.0 (/opt/ros/humble/share/visualization_msgs/cmake)
-- Found ament_lint_auto: 0.12.14 (/opt/ros/humble/share/ament_lint_auto/cmake)
-- Added test 'cppcheck' to perform static code analysis on C / C++ code
-- Configured cppcheck include dirs: $<BUILD_INTERFACE:/home/fvc/emblem_ws/src/robot_emblem/include>
-- Configured cppcheck exclude dirs and/or files: 
-- Added test 'lint_cmake' to check CMake code style
-- Added test 'uncrustify' to check C / C++ code style
-- Configured uncrustify additional arguments: 
-- Added test 'xmllint' to check XML markup files
-- Configuring done
-- Generating done
-- Build files have been written to: /home/fvc/emblem_ws/build/robot_emblem
[ 50%] [32mBuilding CXX object CMakeFiles/map_loader_node.dir/src/core/map_loader_node.cpp.o[0m
[01m[K/home/fvc/emblem_ws/src/robot_emblem/src/core/map_loader_node.cpp:5:1:[m[K [01;31m[Kerror: [m[Kâ€˜[01m[Ksturct[m[Kâ€™ does not name a type; did you mean â€˜[01m[Kstruct[m[Kâ€™?
    5 | [01;31m[Ksturct[m[K Map{
      | [01;31m[K^~~~~~[m[K
      | [32m[Kstruct[m[K
[01m[K/home/fvc/emblem_ws/src/robot_emblem/src/core/map_loader_node.cpp:27:9:[m[K [01;31m[Kerror: [m[Kâ€˜[01m[KMap[m[Kâ€™ does not name a type
   27 |         [01;31m[KMap[m[K loadMapFromYaml(const std::string& yaml_path){
      |         [01;31m[K^~~[m[K
[01m[K/home/fvc/emblem_ws/src/robot_emblem/src/core/map_loader_node.cpp:45:31:[m[K [01;31m[Kerror: [m[Kâ€˜[01m[KMap[m[Kâ€™ does not name a type
   45 |         void publishMap(const [01;31m[KMap[m[K& map) {
      |                               [01;31m[K^~~[m[K
[01m[K/home/fvc/emblem_ws/src/robot_emblem/src/core/map_loader_node.cpp:95:23:[m[K [01;31m[Kerror: [m[Kâ€˜[01m[Kvisualization_msgs[m[Kâ€™ was not declared in this scope
   95 |     rclcpp::Publisher<[01;31m[Kvisualization_msgs[m[K::msg::MarkerArray>::SharedPtr map_pub_;
      |                       [01;31m[K^~~~~~~~~~~~~~~~~~[m[K
[01m[K/home/fvc/emblem_ws/src/robot_emblem/src/core/map_loader_node.cpp:95:59:[m[K [01;31m[Kerror: [m[Ktemplate argument 1 is invalid
   95 |     rclcpp::Publisher<visualization_msgs::msg::MarkerArray[01;31m[K>[m[K::SharedPtr map_pub_;
      |                                                           [01;31m[K^[m[K
[01m[K/home/fvc/emblem_ws/src/robot_emblem/src/core/map_loader_node.cpp:95:62:[m[K [01;31m[Kerror: [m[Kexpected â€˜[01m[K;[m[Kâ€™ at end of member declaration
   95 |     rclcpp::Publisher<visualization_msgs::msg::MarkerArray>::[01;31m[KSharedPtr[m[K map_pub_;
      |                                                              [01;31m[K^~~~~~~~~[m[K
      |                                                                       [32m[K;[m[K
[01m[K/home/fvc/emblem_ws/src/robot_emblem/src/core/map_loader_node.cpp:95:72:[m[K [01;31m[Kerror: [m[Kâ€˜[01m[Kmap_pub_[m[Kâ€™ does not name a type
   95 |     rclcpp::Publisher<visualization_msgs::msg::MarkerArray>::SharedPtr [01;31m[Kmap_pub_[m[K;
      |                                                                        [01;31m[K^~~~~~~~[m[K
[01m[K/home/fvc/emblem_ws/src/robot_emblem/src/core/map_loader_node.cpp:97:2:[m[K [01;31m[Kerror: [m[Kexpected â€˜[01m[K;[m[Kâ€™ after class definition
   97 | }
      |  [01;31m[K^[m[K
      |  [32m[K;[m[K
[01m[K/home/fvc/emblem_ws/src/robot_emblem/src/core/map_loader_node.cpp:[m[K In constructor â€˜[01m[KMaploaderNode::MaploaderNode()[m[Kâ€™:
[01m[K/home/fvc/emblem_ws/src/robot_emblem/src/core/map_loader_node.cpp:16:9:[m[K [01;31m[Kerror: [m[Kâ€˜[01m[KMap[m[Kâ€™ was not declared in this scope
   16 |         [01;31m[KMap[m[K map = loadMapFromYaml(yaml_path);
      |         [01;31m[K^~~[m[K
[01m[K/home/fvc/emblem_ws/src/robot_emblem/src/core/map_loader_node.cpp:18:9:[m[K [01;31m[Kerror: [m[Kâ€˜[01m[Kmap_pub_[m[Kâ€™ was not declared in this scope
   18 |         [01;31m[Kmap_pub_[m[K = this->create_publisher<visualization_msgs::msg::MarkerArray>("/map_markers", 10);
      |         [01;31m[K^~~~~~~~[m[K
[01m[K/home/fvc/emblem_ws/src/robot_emblem/src/core/map_loader_node.cpp:18:43:[m[K [01;31m[Kerror: [m[Kâ€˜[01m[Kvisualization_msgs[m[Kâ€™ was not declared in this scope
   18 |         map_pub_ = this->create_publisher<[01;31m[Kvisualization_msgs[m[K::msg::MarkerArray>("/map_markers", 10);
      |                                           [01;31m[K^~~~~~~~~~~~~~~~~~[m[K
[01m[K/home/fvc/emblem_ws/src/robot_emblem/src/core/map_loader_node.cpp:18:26:[m[K [01;31m[Kerror: [m[Kparse error in template argument list
   18 |         map_pub_ = this->[01;31m[Kcreate_publisher<visualization_msgs::msg::MarkerArray>[m[K("/map_markers", 10);
      |                          [01;31m[K^~~~~~~~~~~~~~~~~~~~~~~~~~~~~~~~~~~~~~~~~~~~~~~~~~~~~~[m[K
[01m[K/home/fvc/emblem_ws/src/robot_emblem/src/core/map_loader_node.cpp:18:80:[m[K [01;31m[Kerror: [m[Kno matching function for call to â€˜[01m[KMaploaderNode::create_publisher<<expression error> >(const char [13], int)[m[Kâ€™
   18 |         map_pub_ = [01;31m[Kthis->create_publisher<visualization_msgs::msg::MarkerArray>("/map_markers", 10)[m[K;
      |                    [01;31m[K~~~~~~~~~~~~~~~~~~~~~~~~~~~~~~~~~~~~~~~~~~~~~~~~~~~~~~~~~~~~^~~~~~~~~~~~~~~~~~~~[m[K
In file included from [01m[K/opt/ros/humble/include/rclcpp/rclcpp/executors/single_threaded_executor.hpp:28[m[K,
                 from [01m[K/opt/ros/humble/include/rclcpp/rclcpp/executors.hpp:22[m[K,
                 from [01m[K/opt/ros/humble/include/rclcpp/rclcpp/rclcpp.hpp:155[m[K,
                 from [01m[K/home/fvc/emblem_ws/src/robot_emblem/src/core/map_loader_node.cpp:1[m[K:
[01m[K/opt/ros/humble/include/rclcpp/rclcpp/node.hpp:195:3:[m[K [01;36m[Knote: [m[Kcandidate: â€˜[01m[Ktemplate<class MessageT, class AllocatorT, class PublisherT> std::shared_ptr<PublisherT> rclcpp::Node::create_publisher(const string&, const rclcpp::QoS&, const rclcpp::PublisherOptionsWithAllocator<AllocatorT>&)[m[Kâ€™
  195 |   [01;36m[Kcreate_publisher[m[K(
      |   [01;36m[K^~~~~~~~~~~~~~~~[m[K
[01m[K/opt/ros/humble/include/rclcpp/rclcpp/node.hpp:195:3:[m[K [01;36m[Knote: [m[K  template argument deduction/substitution failed:
[01m[K/home/fvc/emblem_ws/src/robot_emblem/src/core/map_loader_node.cpp:18:80:[m[K [01;31m[Kerror: [m[Ktemplate argument 1 is invalid
   18 |         map_pub_ = [01;31m[Kthis->create_publisher<visualization_msgs::msg::MarkerArray>("/map_markers", 10)[m[K;
      |                    [01;31m[K~~~~~~~~~~~~~~~~~~~~~~~~~~~~~~~~~~~~~~~~~~~~~~~~~~~~~~~~~~~~^~~~~~~~~~~~~~~~~~~~[m[K
[01m[K/home/fvc/emblem_ws/src/robot_emblem/src/core/map_loader_node.cpp:23:24:[m[K [01;31m[Kerror: [m[Kâ€˜[01m[KMapLoaderNode[m[Kâ€™ has not been declared
   23 |             std::bind(&[01;31m[KMapLoaderNode[m[K::publishMap, this, map)
      |                        [01;31m[K^~~~~~~~~~~~~[m[K
[01m[K/home/fvc/emblem_ws/src/robot_emblem/src/core/map_loader_node.cpp:23:57:[m[K [01;31m[Kerror: [m[Kâ€˜[01m[Kmap[m[Kâ€™ was not declared in this scope
   23 |             std::bind(&MapLoaderNode::publishMap, this, [01;31m[Kmap[m[K)
      |                                                         [01;31m[K^~~[m[K
[01m[K/home/fvc/emblem_ws/src/robot_emblem/src/core/map_loader_node.cpp:23:57:[m[K [01;36m[Knote: [m[Ksuggested alternatives:
In file included from [01m[K/usr/include/c++/11/map:61[m[K,
                 from [01m[K/opt/ros/humble/include/rclcpp/rclcpp/executor.hpp:24[m[K,
                 from [01m[K/opt/ros/humble/include/rclcpp/rclcpp/executors/multi_threaded_executor.hpp:25[m[K,
                 from [01m[K/opt/ros/humble/include/rclcpp/rclcpp/executors.hpp:21[m[K,
                 from [01m[K/opt/ros/humble/include/rclcpp/rclcpp/rclcpp.hpp:155[m[K,
                 from [01m[K/home/fvc/emblem_ws/src/robot_emblem/src/core/map_loader_node.cpp:1[m[K:
[01m[K/usr/include/c++/11/bits/stl_map.h:100:11:[m[K [01;36m[Knote: [m[K  â€˜[01m[Kstd::map[m[Kâ€™
  100 |     class [01;36m[Kmap[m[K
      |           [01;36m[K^~~[m[K
In file included from [01m[K/opt/ros/humble/include/rclcpp/rclcpp/executor.hpp:24[m[K,
                 from [01m[K/opt/ros/humble/include/rclcpp/rclcpp/executors/multi_threaded_executor.hpp:25[m[K,
                 from [01m[K/opt/ros/humble/include/rclcpp/rclcpp/executors.hpp:21[m[K,
                 from [01m[K/opt/ros/humble/include/rclcpp/rclcpp/rclcpp.hpp:155[m[K,
                 from [01m[K/home/fvc/emblem_ws/src/robot_emblem/src/core/map_loader_node.cpp:1[m[K:
[01m[K/usr/include/c++/11/map:78:13:[m[K [01;36m[Knote: [m[K  â€˜[01m[Kstd::pmr::map[m[Kâ€™
   78 |       using [01;36m[Kmap[m[K
      |             [01;36m[K^~~[m[K
[01m[K/home/fvc/emblem_ws/src/robot_emblem/src/core/map_loader_node.cpp:[m[K In member function â€˜[01m[Kvoid MaploaderNode::publishMap(const int&)[m[Kâ€™:
[01m[K/home/fvc/emblem_ws/src/robot_emblem/src/core/map_loader_node.cpp:46:9:[m[K [01;31m[Kerror: [m[Kâ€˜[01m[Kvisualization_msgs[m[Kâ€™ has not been declared
   46 |         [01;31m[Kvisualization_msgs[m[K::msg::MarkerArray marker_array;
      |         [01;31m[K^~~~~~~~~~~~~~~~~~[m[K
[01m[K/home/fvc/emblem_ws/src/robot_emblem/src/core/map_loader_node.cpp:48:33:[m[K [01;31m[Kerror: [m[Krequest for member â€˜[01m[Kheight[m[Kâ€™ in â€˜[01m[Kmap[m[Kâ€™, which is of non-class type â€˜[01m[Kconst int[m[Kâ€™
   48 |         for (int y = 0; y < map.[01;31m[Kheight[m[K; ++y) {
      |                                 [01;31m[K^~~~~~[m[K
[01m[K/home/fvc/emblem_ws/src/robot_emblem/src/core/map_loader_node.cpp:49:37:[m[K [01;31m[Kerror: [m[Krequest for member â€˜[01m[Kwidth[m[Kâ€™ in â€˜[01m[Kmap[m[Kâ€™, which is of non-class type â€˜[01m[Kconst int[m[Kâ€™
   49 |             for (int x = 0; x < map.[01;31m[Kwidth[m[K; ++x) {
      |                                     [01;31m[K^~~~~[m[K
[01m[K/home/fvc/emblem_ws/src/robot_emblem/src/core/map_loader_node.cpp:50:35:[m[K [01;31m[Kerror: [m[Krequest for member â€˜[01m[Kwidth[m[Kâ€™ in â€˜[01m[Kmap[m[Kâ€™, which is of non-class type â€˜[01m[Kconst int[m[Kâ€™
   50 |                 int idx = y * map.[01;31m[Kwidth[m[K + x;
      |                                   [01;31m[K^~~~~[m[K
[01m[K/home/fvc/emblem_ws/src/robot_emblem/src/core/map_loader_node.cpp:51:35:[m[K [01;31m[Kerror: [m[Krequest for member â€˜[01m[Kdata[m[Kâ€™ in â€˜[01m[Kmap[m[Kâ€™, which is of non-class type â€˜[01m[Kconst int[m[Kâ€™
   51 |                 int terrain = map.[01;31m[Kdata[m[K[idx];
      |                                   [01;31m[K^~~~[m[K
[01m[K/home/fvc/emblem_ws/src/robot_emblem/src/core/map_loader_node.cpp:53:17:[m[K [01;31m[Kerror: [m[Kâ€˜[01m[Kvisualization_msgs[m[Kâ€™ has not been declared
   53 |                 [01;31m[Kvisualization_msgs[m[K::msg::Marker marker;
      |                 [01;31m[K^~~~~~~~~~~~~~~~~~[m[K
[01m[K/home/fvc/emblem_ws/src/robot_emblem/src/core/map_loader_node.cpp:54:17:[m[K [01;31m[Kerror: [m[Kâ€˜[01m[Kmarker[m[Kâ€™ was not declared in this scope
   54 |                 [01;31m[Kmarker[m[K.header.frame_id = "map";
      |                 [01;31m[K^~~~~~[m[K
[01m[K/home/fvc/emblem_ws/src/robot_emblem/src/core/map_loader_node.cpp:57:31:[m[K [01;31m[Kerror: [m[Kâ€˜[01m[Kvisualization_msgs[m[Kâ€™ has not been declared
   57 |                 marker.type = [01;31m[Kvisualization_msgs[m[K::msg::Marker::CUBE;
      |                               [01;31m[K^~~~~~~~~~~~~~~~~~[m[K
[01m[K/home/fvc/emblem_ws/src/robot_emblem/src/core/map_loader_node.cpp:58:33:[m[K [01;31m[Kerror: [m[Kâ€˜[01m[Kvisualization_msgs[m[Kâ€™ has not been declared
   58 |                 marker.action = [01;31m[Kvisualization_msgs[m[K::msg::Marker::ADD;
      |                                 [01;31m[K^~~~~~~~~~~~~~~~~~[m[K
[01m[K/home/fvc/emblem_ws/src/robot_emblem/src/core/map_loader_node.cpp:61:46:[m[K [01;31m[Kerror: [m[Krequest for member â€˜[01m[Korigin_x[m[Kâ€™ in â€˜[01m[Kmap[m[Kâ€™, which is of non-class type â€˜[01m[Kconst int[m[Kâ€™
   61 |                 marker.pose.position.x = map.[01;31m[Korigin_x[m[K + x * map.resolution;
      |                                              [01;31m[K^~~~~~~~[m[K
[01m[K/home/fvc/emblem_ws/src/robot_emblem/src/core/map_loader_node.cpp:61:65:[m[K [01;31m[Kerror: [m[Krequest for member â€˜[01m[Kresolution[m[Kâ€™ in â€˜[01m[Kmap[m[Kâ€™, which is of non-class type â€˜[01m[Kconst int[m[Kâ€™
   61 |                 marker.pose.position.x = map.origin_x + x * map.[01;31m[Kresolution[m[K;
      |                                                                 [01;31m[K^~~~~~~~~~[m[K
[01m[K/home/fvc/emblem_ws/src/robot_emblem/src/core/map_loader_node.cpp:62:46:[m[K [01;31m[Kerror: [m[Krequest for member â€˜[01m[Korigin_y[m[Kâ€™ in â€˜[01m[Kmap[m[Kâ€™, which is of non-class type â€˜[01m[Kconst int[m[Kâ€™
   62 |                 marker.pose.position.y = map.[01;31m[Korigin_y[m[K + y * map.resolution;
      |                                              [01;31m[K^~~~~~~~[m[K
[01m[K/home/fvc/emblem_ws/src/robot_emblem/src/core/map_loader_node.cpp:62:65:[m[K [01;31m[Kerror: [m[Krequest for member â€˜[01m[Kresolution[m[Kâ€™ in â€˜[01m[Kmap[m[Kâ€™, which is of non-class type â€˜[01m[Kconst int[m[Kâ€™
   62 |                 marker.pose.position.y = map.origin_y + y * map.[01;31m[Kresolution[m[K;
      |                                                                 [01;31m[K^~~~~~~~~~[m[K
[01m[K/home/fvc/emblem_ws/src/robot_emblem/src/core/map_loader_node.cpp:66:38:[m[K [01;31m[Kerror: [m[Krequest for member â€˜[01m[Kresolution[m[Kâ€™ in â€˜[01m[Kmap[m[Kâ€™, which is of non-class type â€˜[01m[Kconst int[m[Kâ€™
   66 |                 marker.scale.x = map.[01;31m[Kresolution[m[K;
      |                                      [01;31m[K^~~~~~~~~~[m[K
[01m[K/home/fvc/emblem_ws/src/robot_emblem/src/core/map_loader_node.cpp:67:38:[m[K [01;31m[Kerror: [m[Krequest for member â€˜[01m[Kresolution[m[Kâ€™ in â€˜[01m[Kmap[m[Kâ€™, which is of non-class type â€˜[01m[Kconst int[m[Kâ€™
   67 |                 marker.scale.y = map.[01;31m[Kresolution[m[K;
      |                                      [01;31m[K^~~~~~~~~~[m[K
[01m[K/home/fvc/emblem_ws/src/robot_emblem/src/core/map_loader_node.cpp:71:17:[m[K [01;31m[Kerror: [m[Kâ€˜[01m[Kstd_msgs[m[Kâ€™ has not been declared
   71 |                 [01;31m[Kstd_msgs[m[K::msg::ColorRGBA color;
      |                 [01;31m[K^~~~~~~~[m[K
[01m[K/home/fvc/emblem_ws/src/robot_emblem/src/core/map_loader_node.cpp:74:25:[m[K [01;31m[Kerror: [m[Kâ€˜[01m[Kcolor[m[Kâ€™ was not declared in this scope
   74 |                         [01;31m[Kcolor[m[K.r = 0.5f; color.g = 0.5f; color.b = 0.5f; color.a = 1.0f;
      |                         [01;31m[K^~~~~[m[K
[01m[K/home/fvc/emblem_ws/src/robot_emblem/src/core/map_loader_node.cpp:86:32:[m[K [01;31m[Kerror: [m[Kâ€˜[01m[Kcolor[m[Kâ€™ was not declared in this scope
   86 |                 marker.color = [01;31m[Kcolor[m[K;
      |                                [01;31m[K^~~~~[m[K
[01m[K/home/fvc/emblem_ws/src/robot_emblem/src/core/map_loader_node.cpp:89:17:[m[K [01;31m[Kerror: [m[Kâ€˜[01m[Kmarker_array[m[Kâ€™ was not declared in this scope
   89 |                 [01;31m[Kmarker_array[m[K.markers.push_back(marker);
      |                 [01;31m[K^~~~~~~~~~~~[m[K
[01m[K/home/fvc/emblem_ws/src/robot_emblem/src/core/map_loader_node.cpp:93:9:[m[K [01;31m[Kerror: [m[Kâ€˜[01m[Kmap_pub_[m[Kâ€™ was not declared in this scope
   93 |         [01;31m[Kmap_pub_[m[K->publish(marker_array);
      |         [01;31m[K^~~~~~~~[m[K
[01m[K/home/fvc/emblem_ws/src/robot_emblem/src/core/map_loader_node.cpp:93:27:[m[K [01;31m[Kerror: [m[Kâ€˜[01m[Kmarker_array[m[Kâ€™ was not declared in this scope
   93 |         map_pub_->publish([01;31m[Kmarker_array[m[K);
      |                           [01;31m[K^~~~~~~~~~~~[m[K
[01m[K/home/fvc/emblem_ws/src/robot_emblem/src/core/map_loader_node.cpp:[m[K In function â€˜[01m[Kint main(int, char**)[m[Kâ€™:
[01m[K/home/fvc/emblem_ws/src/robot_emblem/src/core/map_loader_node.cpp:101:24:[m[K [01;31m[Kerror: [m[Kâ€˜[01m[Kargv[m[Kâ€™ was not declared in this scope; did you mean â€˜[01m[Kargc[m[Kâ€™?
  101 |     rclcpp::init(argc, [01;31m[Kargv[m[K);
      |                        [01;31m[K^~~~[m[K
      |                        [32m[Kargc[m[K
[01m[K/home/fvc/emblem_ws/src/robot_emblem/src/core/map_loader_node.cpp:100:29:[m[K [01;35m[Kwarning: [m[Kunused parameter â€˜[01m[Kagrv[m[Kâ€™ [[01;35m[K]8;;https://gcc.gnu.org/onlinedocs/gcc/Warning-Options.html#index-Wunused-parameter-Wunused-parameter]8;;[m[K]
  100 | int main(int argc , [01;35m[Kchar ** agrv[m[K){
      |                     [01;35m[K~~~~~~~~^~~~[m[K
gmake[2]: *** [CMakeFiles/map_loader_node.dir/build.make:76: CMakeFiles/map_loader_node.dir/src/core/map_loader_node.cpp.o] Error 1
gmake[1]: *** [CMakeFiles/Makefile2:137: CMakeFiles/map_loader_node.dir/all] Error 2
gmake: *** [Makefile:146: all] Error 2
