[0.019s] Invoking command in '/home/fvc/emblem_ws/build/robot_emblem': CMAKE_PREFIX_PATH=/opt/ros/humble /usr/bin/cmake --build /home/fvc/emblem_ws/build/robot_emblem -- -j2 -l2
[0.117s] [35m[1mConsolidate compiler generated dependencies of target map_loader_node[0m
[0.175s] [ 50%] [32mBuilding CXX object CMakeFiles/map_loader_node.dir/src/core/map_loader_node.cpp.o[0m
[4.707s] [01m[K/home/fvc/emblem_ws/src/robot_emblem/src/core/map_loader_node.cpp:95:23:[m[K [01;31m[Kerror: [m[Kâ€˜[01m[Kvisualization_msgs[m[Kâ€™ was not declared in this scope
[4.707s]    95 |     rclcpp::Publisher<[01;31m[Kvisualization_msgs[m[K::msg::MarkerArray>::SharedPtr map_pub_;
[4.707s]       |                       [01;31m[K^~~~~~~~~~~~~~~~~~[m[K
[4.708s] [01m[K/home/fvc/emblem_ws/src/robot_emblem/src/core/map_loader_node.cpp:95:59:[m[K [01;31m[Kerror: [m[Ktemplate argument 1 is invalid
[4.708s]    95 |     rclcpp::Publisher<visualization_msgs::msg::MarkerArray[01;31m[K>[m[K::SharedPtr map_pub_;
[4.708s]       |                                                           [01;31m[K^[m[K
[4.708s] [01m[K/home/fvc/emblem_ws/src/robot_emblem/src/core/map_loader_node.cpp:95:62:[m[K [01;31m[Kerror: [m[Kexpected â€˜[01m[K;[m[Kâ€™ at end of member declaration
[4.708s]    95 |     rclcpp::Publisher<visualization_msgs::msg::MarkerArray>::[01;31m[KSharedPtr[m[K map_pub_;
[4.709s]       |                                                              [01;31m[K^~~~~~~~~[m[K
[4.709s]       |                                                                       [32m[K;[m[K
[4.714s] [01m[K/home/fvc/emblem_ws/src/robot_emblem/src/core/map_loader_node.cpp:95:72:[m[K [01;31m[Kerror: [m[Kâ€˜[01m[Kmap_pub_[m[Kâ€™ does not name a type
[4.714s]    95 |     rclcpp::Publisher<visualization_msgs::msg::MarkerArray>::SharedPtr [01;31m[Kmap_pub_[m[K;
[4.714s]       |                                                                        [01;31m[K^~~~~~~~[m[K
[4.717s] [01m[K/home/fvc/emblem_ws/src/robot_emblem/src/core/map_loader_node.cpp:97:2:[m[K [01;31m[Kerror: [m[Kexpected â€˜[01m[K;[m[Kâ€™ after class definition
[4.717s]    97 | }
[4.717s]       |  [01;31m[K^[m[K
[4.717s]       |  [32m[K;[m[K
[4.726s] [01m[K/home/fvc/emblem_ws/src/robot_emblem/src/core/map_loader_node.cpp:[m[K In constructor â€˜[01m[KMaploaderNode::MaploaderNode()[m[Kâ€™:
[4.727s] [01m[K/home/fvc/emblem_ws/src/robot_emblem/src/core/map_loader_node.cpp:18:9:[m[K [01;31m[Kerror: [m[Kâ€˜[01m[Kmap_pub_[m[Kâ€™ was not declared in this scope
[4.727s]    18 |         [01;31m[Kmap_pub_[m[K = this->create_publisher<visualization_msgs::msg::MarkerArray>("/map_markers", 10);
[4.727s]       |         [01;31m[K^~~~~~~~[m[K
[4.738s] [01m[K/home/fvc/emblem_ws/src/robot_emblem/src/core/map_loader_node.cpp:18:43:[m[K [01;31m[Kerror: [m[Kâ€˜[01m[Kvisualization_msgs[m[Kâ€™ was not declared in this scope
[4.739s]    18 |         map_pub_ = this->create_publisher<[01;31m[Kvisualization_msgs[m[K::msg::MarkerArray>("/map_markers", 10);
[4.739s]       |                                           [01;31m[K^~~~~~~~~~~~~~~~~~[m[K
[4.740s] [01m[K/home/fvc/emblem_ws/src/robot_emblem/src/core/map_loader_node.cpp:18:26:[m[K [01;31m[Kerror: [m[Kparse error in template argument list
[4.740s]    18 |         map_pub_ = this->[01;31m[Kcreate_publisher<visualization_msgs::msg::MarkerArray>[m[K("/map_markers", 10);
[4.740s]       |                          [01;31m[K^~~~~~~~~~~~~~~~~~~~~~~~~~~~~~~~~~~~~~~~~~~~~~~~~~~~~~[m[K
[4.740s] [01m[K/home/fvc/emblem_ws/src/robot_emblem/src/core/map_loader_node.cpp:18:80:[m[K [01;31m[Kerror: [m[Kno matching function for call to â€˜[01m[KMaploaderNode::create_publisher<<expression error> >(const char [13], int)[m[Kâ€™
[4.740s]    18 |         map_pub_ = [01;31m[Kthis->create_publisher<visualization_msgs::msg::MarkerArray>("/map_markers", 10)[m[K;
[4.740s]       |                    [01;31m[K~~~~~~~~~~~~~~~~~~~~~~~~~~~~~~~~~~~~~~~~~~~~~~~~~~~~~~~~~~~~^~~~~~~~~~~~~~~~~~~~[m[K
[4.740s] In file included from [01m[K/opt/ros/humble/include/rclcpp/rclcpp/executors/single_threaded_executor.hpp:28[m[K,
[4.740s]                  from [01m[K/opt/ros/humble/include/rclcpp/rclcpp/executors.hpp:22[m[K,
[4.740s]                  from [01m[K/opt/ros/humble/include/rclcpp/rclcpp/rclcpp.hpp:155[m[K,
[4.740s]                  from [01m[K/home/fvc/emblem_ws/src/robot_emblem/src/core/map_loader_node.cpp:1[m[K:
[4.740s] [01m[K/opt/ros/humble/include/rclcpp/rclcpp/node.hpp:195:3:[m[K [01;36m[Knote: [m[Kcandidate: â€˜[01m[Ktemplate<class MessageT, class AllocatorT, class PublisherT> std::shared_ptr<PublisherT> rclcpp::Node::create_publisher(const string&, const rclcpp::QoS&, const rclcpp::PublisherOptionsWithAllocator<AllocatorT>&)[m[Kâ€™
[4.740s]   195 |   [01;36m[Kcreate_publisher[m[K(
[4.741s]       |   [01;36m[K^~~~~~~~~~~~~~~~[m[K
[4.741s] [01m[K/opt/ros/humble/include/rclcpp/rclcpp/node.hpp:195:3:[m[K [01;36m[Knote: [m[K  template argument deduction/substitution failed:
[4.741s] [01m[K/home/fvc/emblem_ws/src/robot_emblem/src/core/map_loader_node.cpp:18:80:[m[K [01;31m[Kerror: [m[Ktemplate argument 1 is invalid
[4.741s]    18 |         map_pub_ = [01;31m[Kthis->create_publisher<visualization_msgs::msg::MarkerArray>("/map_markers", 10)[m[K;
[4.745s]       |                    [01;31m[K~~~~~~~~~~~~~~~~~~~~~~~~~~~~~~~~~~~~~~~~~~~~~~~~~~~~~~~~~~~~^~~~~~~~~~~~~~~~~~~~[m[K
[4.746s] [01m[K/home/fvc/emblem_ws/src/robot_emblem/src/core/map_loader_node.cpp:23:24:[m[K [01;31m[Kerror: [m[Kâ€˜[01m[KMapLoaderNode[m[Kâ€™ has not been declared
[4.746s]    23 |             std::bind(&[01;31m[KMapLoaderNode[m[K::publishMap, this, map)
[4.746s]       |                        [01;31m[K^~~~~~~~~~~~~[m[K
[4.746s] [01m[K/home/fvc/emblem_ws/src/robot_emblem/src/core/map_loader_node.cpp:[m[K In member function â€˜[01m[KMap MaploaderNode::loadMapFromYaml(const string&)[m[Kâ€™:
[4.746s] [01m[K/home/fvc/emblem_ws/src/robot_emblem/src/core/map_loader_node.cpp:29:37:[m[K [01;31m[Kerror: [m[Kâ€˜[01m[Kclass MaploaderNode[m[Kâ€™ has no member named â€˜[01m[Kyaml_path[m[Kâ€™
[4.746s]    29 |             std::ifstream fin(this->[01;31m[Kyaml_path[m[K);
[4.746s]       |                                     [01;31m[K^~~~~~~~~[m[K
[4.746s] [01m[K/home/fvc/emblem_ws/src/robot_emblem/src/core/map_loader_node.cpp:27:48:[m[K [01;35m[Kwarning: [m[Kunused parameter â€˜[01m[Kyaml_path[m[Kâ€™ [[01;35m[K]8;;https://gcc.gnu.org/onlinedocs/gcc/Warning-Options.html#index-Wunused-parameter-Wunused-parameter]8;;[m[K]
[4.747s]    27 |         Map loadMapFromYaml([01;35m[Kconst std::string& yaml_path[m[K){
[4.747s]       |                             [01;35m[K~~~~~~~~~~~~~~~~~~~^~~~~~~~~[m[K
[4.747s] [01m[K/home/fvc/emblem_ws/src/robot_emblem/src/core/map_loader_node.cpp:[m[K In member function â€˜[01m[Kvoid MaploaderNode::publishMap(const Map&)[m[Kâ€™:
[4.747s] [01m[K/home/fvc/emblem_ws/src/robot_emblem/src/core/map_loader_node.cpp:46:9:[m[K [01;31m[Kerror: [m[Kâ€˜[01m[Kvisualization_msgs[m[Kâ€™ has not been declared
[4.747s]    46 |         [01;31m[Kvisualization_msgs[m[K::msg::MarkerArray marker_array;
[4.747s]       |         [01;31m[K^~~~~~~~~~~~~~~~~~[m[K
[4.747s] [01m[K/home/fvc/emblem_ws/src/robot_emblem/src/core/map_loader_node.cpp:53:17:[m[K [01;31m[Kerror: [m[Kâ€˜[01m[Kvisualization_msgs[m[Kâ€™ has not been declared
[4.747s]    53 |                 [01;31m[Kvisualization_msgs[m[K::msg::Marker marker;
[4.747s]       |                 [01;31m[K^~~~~~~~~~~~~~~~~~[m[K
[4.777s] [01m[K/home/fvc/emblem_ws/src/robot_emblem/src/core/map_loader_node.cpp:54:17:[m[K [01;31m[Kerror: [m[Kâ€˜[01m[Kmarker[m[Kâ€™ was not declared in this scope
[4.777s]    54 |                 [01;31m[Kmarker[m[K.header.frame_id = "map";
[4.778s]       |                 [01;31m[K^~~~~~[m[K
[4.778s] [01m[K/home/fvc/emblem_ws/src/robot_emblem/src/core/map_loader_node.cpp:57:31:[m[K [01;31m[Kerror: [m[Kâ€˜[01m[Kvisualization_msgs[m[Kâ€™ has not been declared
[4.778s]    57 |                 marker.type = [01;31m[Kvisualization_msgs[m[K::msg::Marker::CUBE;
[4.778s]       |                               [01;31m[K^~~~~~~~~~~~~~~~~~[m[K
[4.778s] [01m[K/home/fvc/emblem_ws/src/robot_emblem/src/core/map_loader_node.cpp:58:33:[m[K [01;31m[Kerror: [m[Kâ€˜[01m[Kvisualization_msgs[m[Kâ€™ has not been declared
[4.778s]    58 |                 marker.action = [01;31m[Kvisualization_msgs[m[K::msg::Marker::ADD;
[4.778s]       |                                 [01;31m[K^~~~~~~~~~~~~~~~~~[m[K
[4.778s] [01m[K/home/fvc/emblem_ws/src/robot_emblem/src/core/map_loader_node.cpp:71:17:[m[K [01;31m[Kerror: [m[Kâ€˜[01m[Kstd_msgs[m[Kâ€™ has not been declared
[4.778s]    71 |                 [01;31m[Kstd_msgs[m[K::msg::ColorRGBA color;
[4.778s]       |                 [01;31m[K^~~~~~~~[m[K
[4.778s] [01m[K/home/fvc/emblem_ws/src/robot_emblem/src/core/map_loader_node.cpp:74:25:[m[K [01;31m[Kerror: [m[Kâ€˜[01m[Kcolor[m[Kâ€™ was not declared in this scope
[4.778s]    74 |                         [01;31m[Kcolor[m[K.r = 0.5f; color.g = 0.5f; color.b = 0.5f; color.a = 1.0f;
[4.778s]       |                         [01;31m[K^~~~~[m[K
[4.778s] [01m[K/home/fvc/emblem_ws/src/robot_emblem/src/core/map_loader_node.cpp:86:32:[m[K [01;31m[Kerror: [m[Kâ€˜[01m[Kcolor[m[Kâ€™ was not declared in this scope
[4.779s]    86 |                 marker.color = [01;31m[Kcolor[m[K;
[4.779s]       |                                [01;31m[K^~~~~[m[K
[4.795s] [01m[K/home/fvc/emblem_ws/src/robot_emblem/src/core/map_loader_node.cpp:89:17:[m[K [01;31m[Kerror: [m[Kâ€˜[01m[Kmarker_array[m[Kâ€™ was not declared in this scope
[4.796s]    89 |                 [01;31m[Kmarker_array[m[K.markers.push_back(marker);
[4.796s]       |                 [01;31m[K^~~~~~~~~~~~[m[K
[4.808s] [01m[K/home/fvc/emblem_ws/src/robot_emblem/src/core/map_loader_node.cpp:93:9:[m[K [01;31m[Kerror: [m[Kâ€˜[01m[Kmap_pub_[m[Kâ€™ was not declared in this scope
[4.809s]    93 |         [01;31m[Kmap_pub_[m[K->publish(marker_array);
[4.809s]       |         [01;31m[K^~~~~~~~[m[K
[4.823s] [01m[K/home/fvc/emblem_ws/src/robot_emblem/src/core/map_loader_node.cpp:93:27:[m[K [01;31m[Kerror: [m[Kâ€˜[01m[Kmarker_array[m[Kâ€™ was not declared in this scope
[4.823s]    93 |         map_pub_->publish([01;31m[Kmarker_array[m[K);
[4.823s]       |                           [01;31m[K^~~~~~~~~~~~[m[K
[5.584s] gmake[2]: *** [CMakeFiles/map_loader_node.dir/build.make:76: CMakeFiles/map_loader_node.dir/src/core/map_loader_node.cpp.o] Error 1
[5.584s] gmake[1]: *** [CMakeFiles/Makefile2:137: CMakeFiles/map_loader_node.dir/all] Error 2
[5.585s] gmake: *** [Makefile:146: all] Error 2
[5.591s] Invoked command in '/home/fvc/emblem_ws/build/robot_emblem' returned '2': CMAKE_PREFIX_PATH=/opt/ros/humble /usr/bin/cmake --build /home/fvc/emblem_ws/build/robot_emblem -- -j2 -l2
