[0.023s] Invoking command in '/home/fvc/Desktop/robot_emblem/build/robot_emblem': CMAKE_PREFIX_PATH=/opt/ros/humble /usr/bin/cmake --build /home/fvc/Desktop/robot_emblem/build/robot_emblem -- -j2 -l2
[0.096s] [35m[1mConsolidate compiler generated dependencies of target unit_manager_node[0m
[0.121s] [ 25%] [32mBuilding CXX object CMakeFiles/unit_manager_node.dir/src/core/unit_manager_node.cpp.o[0m
[0.150s] [ 75%] Built target map_loader_node
[2.732s] [01m[K/home/fvc/Desktop/robot_emblem/src/robot_emblem/src/core/unit_manager_node.cpp:[m[K In constructor â€˜[01m[KUnitManagerNode::UnitManagerNode()[m[Kâ€™:
[2.732s] [01m[K/home/fvc/Desktop/robot_emblem/src/robot_emblem/src/core/unit_manager_node.cpp:48:41:[m[K [01;31m[Kerror: [m[Kâ€˜[01m[KonTimer[m[Kâ€™ is not a member of â€˜[01m[KUnitManagerNode[m[Kâ€™
[2.732s]    48 |             std::bind(&UnitManagerNode::[01;31m[KonTimer[m[K, this));
[2.732s]       |                                         [01;31m[K^~~~~~~[m[K
[2.735s] [01m[K/home/fvc/Desktop/robot_emblem/src/robot_emblem/src/core/unit_manager_node.cpp:[m[K In member function â€˜[01m[Kbool UnitManagerNode::worldToIdx(double, double, int&, int&) const[m[Kâ€™:
[2.735s] [01m[K/home/fvc/Desktop/robot_emblem/src/robot_emblem/src/core/unit_manager_node.cpp:68:46:[m[K [01;31m[Kerror: [m[Kâ€˜[01m[Kmap[m[Kâ€™ was not declared in this scope
[2.735s]    68 |             ix=static_cast<int>(std::floor(x-[01;31m[Kmap[m[K.origin_x)/map_.resolution);
[2.741s]       |                                              [01;31m[K^~~[m[K
[2.742s] [01m[K/home/fvc/Desktop/robot_emblem/src/robot_emblem/src/core/unit_manager_node.cpp:68:46:[m[K [01;36m[Knote: [m[Ksuggested alternatives:
[2.742s] In file included from [01m[K/usr/include/c++/11/map:61[m[K,
[2.743s]                  from [01m[K/opt/ros/humble/include/rclcpp/rclcpp/executor.hpp:24[m[K,
[2.743s]                  from [01m[K/opt/ros/humble/include/rclcpp/rclcpp/executors/multi_threaded_executor.hpp:25[m[K,
[2.743s]                  from [01m[K/opt/ros/humble/include/rclcpp/rclcpp/executors.hpp:21[m[K,
[2.743s]                  from [01m[K/opt/ros/humble/include/rclcpp/rclcpp/rclcpp.hpp:155[m[K,
[2.743s]                  from [01m[K/home/fvc/Desktop/robot_emblem/src/robot_emblem/src/core/unit_manager_node.cpp:1[m[K:
[2.743s] [01m[K/usr/include/c++/11/bits/stl_map.h:100:11:[m[K [01;36m[Knote: [m[K  â€˜[01m[Kstd::map[m[Kâ€™
[2.743s]   100 |     class [01;36m[Kmap[m[K
[2.743s]       |           [01;36m[K^~~[m[K
[2.743s] In file included from [01m[K/opt/ros/humble/include/rclcpp/rclcpp/executor.hpp:24[m[K,
[2.743s]                  from [01m[K/opt/ros/humble/include/rclcpp/rclcpp/executors/multi_threaded_executor.hpp:25[m[K,
[2.743s]                  from [01m[K/opt/ros/humble/include/rclcpp/rclcpp/executors.hpp:21[m[K,
[2.743s]                  from [01m[K/opt/ros/humble/include/rclcpp/rclcpp/rclcpp.hpp:155[m[K,
[2.743s]                  from [01m[K/home/fvc/Desktop/robot_emblem/src/robot_emblem/src/core/unit_manager_node.cpp:1[m[K:
[2.743s] [01m[K/usr/include/c++/11/map:78:13:[m[K [01;36m[Knote: [m[K  â€˜[01m[Kstd::pmr::map[m[Kâ€™
[2.743s]    78 |       using [01;36m[Kmap[m[K
[2.743s]       |             [01;36m[K^~~[m[K
[2.748s] [01m[K/home/fvc/Desktop/robot_emblem/src/robot_emblem/src/core/unit_manager_node.cpp:[m[K In member function â€˜[01m[Kvoid UnitManagerNode::publishTF()[m[Kâ€™:
[2.748s] [01m[K/home/fvc/Desktop/robot_emblem/src/robot_emblem/src/core/unit_manager_node.cpp:90:13:[m[K [01;31m[Kerror: [m[Kâ€˜[01m[KidxToWorld[m[Kâ€™ was not declared in this scope; did you mean â€˜[01m[KIdxToWorld[m[Kâ€™?
[2.748s]    90 |             [01;31m[KidxToWorld[m[K(ix_, iy_, x, y);
[2.748s]       |             [01;31m[K^~~~~~~~~~[m[K
[2.748s]       |             [32m[KIdxToWorld[m[K
[2.752s] [01m[K/home/fvc/Desktop/robot_emblem/src/robot_emblem/src/core/unit_manager_node.cpp:[m[K In member function â€˜[01m[Kvoid UnitManagerNode::publishMarker()[m[Kâ€™:
[2.752s] [01m[K/home/fvc/Desktop/robot_emblem/src/robot_emblem/src/core/unit_manager_node.cpp:111:13:[m[K [01;31m[Kerror: [m[Kâ€˜[01m[KidxToWorld[m[Kâ€™ was not declared in this scope; did you mean â€˜[01m[KIdxToWorld[m[Kâ€™?
[2.752s]   111 |             [01;31m[KidxToWorld[m[K(ix_, iy_, x, y);
[2.752s]       |             [01;31m[K^~~~~~~~~~[m[K
[2.752s]       |             [32m[KIdxToWorld[m[K
[2.754s] [01m[K/home/fvc/Desktop/robot_emblem/src/robot_emblem/src/core/unit_manager_node.cpp:[m[K In member function â€˜[01m[Kvoid UnitManagerNode::onClicked(geometry_msgs::msg::PointStamped_<std::allocator<void> >::SharedPtr)[m[Kâ€™:
[2.754s] [01m[K/home/fvc/Desktop/robot_emblem/src/robot_emblem/src/core/unit_manager_node.cpp:135:29:[m[K [01;31m[Kerror: [m[Ka function-definition is not allowed here before â€˜[01m[K{[m[Kâ€™ token
[2.754s]   135 |              void onTimer() [01;31m[K{[m[K
[2.754s]       |                             [01;31m[K^[m[K
[5.361s] gmake[2]: *** [CMakeFiles/unit_manager_node.dir/build.make:76: CMakeFiles/unit_manager_node.dir/src/core/unit_manager_node.cpp.o] Error 1
[5.362s] gmake[1]: *** [CMakeFiles/Makefile2:165: CMakeFiles/unit_manager_node.dir/all] Error 2
[5.368s] gmake: *** [Makefile:146: all] Error 2
[5.385s] Invoked command in '/home/fvc/Desktop/robot_emblem/build/robot_emblem' returned '2': CMAKE_PREFIX_PATH=/opt/ros/humble /usr/bin/cmake --build /home/fvc/Desktop/robot_emblem/build/robot_emblem -- -j2 -l2
