[0.018s] Invoking command in '/home/fvc/Desktop/robot_emblem/build/robot_emblem': CMAKE_PREFIX_PATH=${CMAKE_PREFIX_PATH}:/opt/ros/humble /usr/bin/cmake --build /home/fvc/Desktop/robot_emblem/build/robot_emblem -- -j2 -l2
[0.172s] [35m[1mConsolidate compiler generated dependencies of target unit_manager_node[0m
[0.214s] [ 50%] Built target map_loader_node
[0.240s] [ 75%] [32mBuilding CXX object CMakeFiles/unit_manager_node.dir/src/core/unit_manager_node.cpp.o[0m
[3.210s] [01m[K/home/fvc/Desktop/robot_emblem/src/robot_emblem/src/core/unit_manager_node.cpp:[m[K In member function â€˜[01m[Kvoid UnitManagerNode::onTurnBegin()[m[Kâ€™:
[3.211s] [01m[K/home/fvc/Desktop/robot_emblem/src/robot_emblem/src/core/unit_manager_node.cpp:295:9:[m[K [01;31m[Kerror: [m[Kexpected â€˜[01m[K;[m[Kâ€™ before â€˜[01m[K}[m[Kâ€™ token
[3.211s]   295 |         [01;31m[K}[m[K
[3.211s]       |         [01;31m[K^[m[K
[3.215s] [01m[K/home/fvc/Desktop/robot_emblem/src/robot_emblem/src/core/unit_manager_node.cpp:[m[K In member function â€˜[01m[Kvoid UnitManagerNode::onTimer()[m[Kâ€™:
[3.215s] [01m[K/home/fvc/Desktop/robot_emblem/src/robot_emblem/src/core/unit_manager_node.cpp:370:13:[m[K [01;31m[Kerror: [m[Kexpected â€˜[01m[K;[m[Kâ€™ before â€˜[01m[Kfor[m[Kâ€™
[3.216s]   370 |             [01;31m[Kfor[m[K (size_t i=0; i<units_.size(); i++) {
[3.216s]       |             [01;31m[K^~~[m[K
[3.223s] [01m[K/home/fvc/Desktop/robot_emblem/src/robot_emblem/src/core/unit_manager_node.cpp:370:30:[m[K [01;31m[Kerror: [m[Kâ€˜[01m[Ki[m[Kâ€™ was not declared in this scope
[3.223s]   370 |             for (size_t i=0; [01;31m[Ki[m[K<units_.size(); i++) {
[3.223s]       |                              [01;31m[K^[m[K
[6.765s] gmake[2]: *** [CMakeFiles/unit_manager_node.dir/build.make:76: CMakeFiles/unit_manager_node.dir/src/core/unit_manager_node.cpp.o] Error 1
[6.766s] gmake[1]: *** [CMakeFiles/Makefile2:165: CMakeFiles/unit_manager_node.dir/all] Error 2
[6.767s] gmake: *** [Makefile:146: all] Error 2
[6.767s] Invoked command in '/home/fvc/Desktop/robot_emblem/build/robot_emblem' returned '2': CMAKE_PREFIX_PATH=${CMAKE_PREFIX_PATH}:/opt/ros/humble /usr/bin/cmake --build /home/fvc/Desktop/robot_emblem/build/robot_emblem -- -j2 -l2
