[35m[1mConsolidate compiler generated dependencies of target unit_manager_node[0m
[ 50%] Built target map_loader_node
[ 75%] [32mBuilding CXX object CMakeFiles/unit_manager_node.dir/src/core/unit_manager_node.cpp.o[0m
[01m[K/home/fvc/Desktop/robot_emblem/src/robot_emblem/src/core/unit_manager_node.cpp:[m[K In constructor â€˜[01m[KUnitManagerNode::UnitManagerNode()[m[Kâ€™:
[01m[K/home/fvc/Desktop/robot_emblem/src/robot_emblem/src/core/unit_manager_node.cpp:48:41:[m[K [01;31m[Kerror: [m[Kâ€˜[01m[KonTimer[m[Kâ€™ is not a member of â€˜[01m[KUnitManagerNode[m[Kâ€™
   48 |             std::bind(&UnitManagerNode::[01;31m[KonTimer[m[K, this));
      |                                         [01;31m[K^~~~~~~[m[K
[01m[K/home/fvc/Desktop/robot_emblem/src/robot_emblem/src/core/unit_manager_node.cpp:[m[K In member function â€˜[01m[Kbool UnitManagerNode::worldToIdx(double, double, int&, int&) const[m[Kâ€™:
[01m[K/home/fvc/Desktop/robot_emblem/src/robot_emblem/src/core/unit_manager_node.cpp:68:46:[m[K [01;31m[Kerror: [m[Kâ€˜[01m[Kmap[m[Kâ€™ was not declared in this scope
   68 |             ix=static_cast<int>(std::floor(x-[01;31m[Kmap[m[K.origin_x)/map_.resolution);
      |                                              [01;31m[K^~~[m[K
[01m[K/home/fvc/Desktop/robot_emblem/src/robot_emblem/src/core/unit_manager_node.cpp:68:46:[m[K [01;36m[Knote: [m[Ksuggested alternatives:
In file included from [01m[K/usr/include/c++/11/map:61[m[K,
                 from [01m[K/opt/ros/humble/include/rclcpp/rclcpp/executor.hpp:24[m[K,
                 from [01m[K/opt/ros/humble/include/rclcpp/rclcpp/executors/multi_threaded_executor.hpp:25[m[K,
                 from [01m[K/opt/ros/humble/include/rclcpp/rclcpp/executors.hpp:21[m[K,
                 from [01m[K/opt/ros/humble/include/rclcpp/rclcpp/rclcpp.hpp:155[m[K,
                 from [01m[K/home/fvc/Desktop/robot_emblem/src/robot_emblem/src/core/unit_manager_node.cpp:1[m[K:
[01m[K/usr/include/c++/11/bits/stl_map.h:100:11:[m[K [01;36m[Knote: [m[K  â€˜[01m[Kstd::map[m[Kâ€™
  100 |     class [01;36m[Kmap[m[K
      |           [01;36m[K^~~[m[K
In file included from [01m[K/opt/ros/humble/include/rclcpp/rclcpp/executor.hpp:24[m[K,
                 from [01m[K/opt/ros/humble/include/rclcpp/rclcpp/executors/multi_threaded_executor.hpp:25[m[K,
                 from [01m[K/opt/ros/humble/include/rclcpp/rclcpp/executors.hpp:21[m[K,
                 from [01m[K/opt/ros/humble/include/rclcpp/rclcpp/rclcpp.hpp:155[m[K,
                 from [01m[K/home/fvc/Desktop/robot_emblem/src/robot_emblem/src/core/unit_manager_node.cpp:1[m[K:
[01m[K/usr/include/c++/11/map:78:13:[m[K [01;36m[Knote: [m[K  â€˜[01m[Kstd::pmr::map[m[Kâ€™
   78 |       using [01;36m[Kmap[m[K
      |             [01;36m[K^~~[m[K
gmake[2]: *** [CMakeFiles/unit_manager_node.dir/build.make:76: CMakeFiles/unit_manager_node.dir/src/core/unit_manager_node.cpp.o] Error 1
gmake[1]: *** [CMakeFiles/Makefile2:165: CMakeFiles/unit_manager_node.dir/all] Error 2
gmake: *** [Makefile:146: all] Error 2
